<?xml version="1.0" encoding="UTF-8"?>
<!-- Generated by org.testng.reporters.JUnitReportReporter -->
<testsuite hostname="Kavin" failures="0" tests="1" name="TestCasesSpiceJet.TC_03RoundWayTripTest" time="15.356" errors="0" timestamp="2024-04-30T22:18:05 IST" skipped="0">
  <testcase classname="TestCasesSpiceJet.TC_03RoundWayTripTest" name="TC_03RoundWayTripTest" time="15.356"/>
</testsuite> <!-- TestCasesSpiceJet.TC_03RoundWayTripTest -->
