<?xml version="1.0" encoding="UTF-8"?>
<!-- Generated by org.testng.reporters.JUnitReportReporter -->
<testsuite hostname="Kavin" failures="0" tests="1" name="TestCasesSpiceJet.TC_02_OneWayTripTest" time="10.809" errors="0" timestamp="2024-05-02T18:33:19 IST" skipped="0">
  <testcase classname="TestCasesSpiceJet.TC_02_OneWayTripTest" name="TC_02_OneWayTripTest" time="10.809"/>
</testsuite> <!-- TestCasesSpiceJet.TC_02_OneWayTripTest -->
