<?xml version="1.0" encoding="UTF-8"?>
<!-- Generated by org.testng.reporters.JUnitReportReporter -->
<testsuite hostname="Kavin" failures="0" tests="1" name="TestCasesSpiceJet.TC_04_BookingPageTest" time="15.776" errors="0" timestamp="2024-05-02T18:53:44 IST" skipped="0">
  <testcase classname="TestCasesSpiceJet.TC_04_BookingPageTest" name="TC_04_BookingPageTest" time="15.776"/>
</testsuite> <!-- TestCasesSpiceJet.TC_04_BookingPageTest -->
